<?xml version="1.0" encoding="UTF-8"?>
<!-- Generated by org.testng.reporters.JUnitReportReporter -->
<testsuite hostname="DESKTOP-50PIISQ" failures="0" tests="1" name="com.crm.vitiger3.testcases.creatingorgnameTest" time="11.907" errors="0" timestamp="2022-10-20T22:50:06 IST" skipped="0">
  <testcase classname="com.crm.vitiger3.testcases.creatingorgnameTest" name="creatingorgnameTestNG" time="11.907"/>
  <system-out/>
</testsuite> <!-- com.crm.vitiger3.testcases.creatingorgnameTest -->
