<?xml version="1.0" encoding="UTF-8"?>
<!-- Generated by org.testng.reporters.JUnitReportReporter -->
<testsuite hostname="DESKTOP-50PIISQ" failures="0" tests="3" name="testNG.prac.DataProviderTest" time="0.014" errors="0" timestamp="2022-10-14T12:21:31 IST" skipped="0">
  <testcase classname="testNG.prac.DataProviderTest" name="bookTicket" time="0.002"/>
  <system-out/>
  <testcase classname="testNG.prac.DataProviderTest" name="bookTicket" time="0.010"/>
  <system-out/>
  <testcase classname="testNG.prac.DataProviderTest" name="bookTicket" time="0.002"/>
  <system-out/>
</testsuite> <!-- testNG.prac.DataProviderTest -->
