<?xml version="1.0" encoding="UTF-8"?>
<!-- Generated by org.testng.reporters.JUnitReportReporter -->
<testsuite hostname="DESKTOP-50PIISQ" failures="0" tests="2" name="com.crm.vitiger3.testcases.creatingconTestNG" time="70.811" errors="0" timestamp="2022-10-21T10:18:54 IST" skipped="0">
  <testcase classname="com.crm.vitiger3.testcases.creatingconTestNG" name="creatingConTestNg" time="35.939"/>
  <system-out/>
  <testcase classname="com.crm.vitiger3.testcases.creatingconTestNG" name="creatingConTestNg" time="34.872"/>
  <system-out/>
</testsuite> <!-- com.crm.vitiger3.testcases.creatingconTestNG -->
