<?xml version="1.0" encoding="UTF-8"?>
<!-- Generated by org.testng.reporters.JUnitReportReporter -->
<testsuite hostname="DESKTOP-50PIISQ" failures="0" tests="1" name="jdbcpracticetest.InsertDatatoJdbcTest" time="0.805" errors="0" timestamp="2022-09-16T17:25:09 IST" skipped="0">
  <testcase classname="jdbcpracticetest.InsertDatatoJdbcTest" name="readDataTest" time="0.805"/>
  <system-out/>
</testsuite> <!-- jdbcpracticetest.InsertDatatoJdbcTest -->
