<?xml version="1.0" encoding="UTF-8"?>
<!-- Generated by org.testng.reporters.JUnitReportReporter -->
<testsuite hostname="DESKTOP-50PIISQ" failures="0" tests="1" name="testNG.prac.paraMeterPassing" time="7.858" errors="0" timestamp="2022-10-21T10:04:10 IST" skipped="0">
  <testcase classname="testNG.prac.paraMeterPassing" name="launchbrowser" time="7.858"/>
  <system-out/>
</testsuite> <!-- testNG.prac.paraMeterPassing -->
