<?xml version="1.0" encoding="UTF-8"?>
<!-- Generated by org.testng.reporters.JUnitReportReporter -->
<testsuite hostname="DESKTOP-50PIISQ" failures="0" tests="1" name="com.crm.vitiger3.testcases.Orgnamevalidation" time="19.127" errors="0" timestamp="2022-10-20T22:50:06 IST" skipped="0">
  <testcase classname="com.crm.vitiger3.testcases.Orgnamevalidation" name="orgnameTestNG" time="19.127"/>
  <system-out/>
</testsuite> <!-- com.crm.vitiger3.testcases.Orgnamevalidation -->
