<?xml version="1.0" encoding="UTF-8"?>
<!-- Generated by org.testng.reporters.JUnitReportReporter -->
<testsuite hostname="DESKTOP-50PIISQ" failures="0" tests="1" name="testNG.prac.ExtentReports_1" time="10.664" errors="0" timestamp="2022-11-01T16:06:15 IST" skipped="0">
  <testcase classname="testNG.prac.ExtentReports_1" name="createReports" time="10.664"/>
  <system-out/>
</testsuite> <!-- testNG.prac.ExtentReports_1 -->
