<?xml version="1.0" encoding="UTF-8"?>
<!-- Generated by org.testng.reporters.JUnitReportReporter -->
<testsuite hostname="DESKTOP-50PIISQ" failures="0" tests="1" name="com.crm.vitiger3.testcases.creatingconTestNG" time="26.592" errors="0" timestamp="2022-11-01T17:34:36 IST" skipped="0">
  <testcase classname="com.crm.vitiger3.testcases.creatingconTestNG" name="creatingConTestNg" time="26.592"/>
  <system-out/>
</testsuite> <!-- com.crm.vitiger3.testcases.creatingconTestNG -->
