<?xml version="1.0" encoding="UTF-8"?>
<!-- Generated by org.testng.reporters.JUnitReportReporter -->
<testsuite hostname="DESKTOP-50PIISQ" failures="0" tests="3" name="testNG.prac.Grpflags" time="0.015" errors="0" timestamp="2022-10-17T10:08:05 IST" skipped="0">
  <testcase classname="testNG.prac.Grpflags" name="test1" time="0.011"/>
  <system-out/>
  <testcase classname="testNG.prac.Grpflags" name="test3" time="0.002"/>
  <system-out/>
  <testcase classname="testNG.prac.Grpflags" name="test2" time="0.002"/>
  <system-out/>
</testsuite> <!-- testNG.prac.Grpflags -->
