<?xml version="1.0" encoding="UTF-8"?>
<!-- Generated by org.testng.reporters.JUnitReportReporter -->
<testsuite hostname="DESKTOP-50PIISQ" failures="0" tests="8" name="testNG.prac.Annotationsprac" time="0.042" errors="0" timestamp="2022-10-11T13:35:31 IST" skipped="0">
  <testcase classname="testNG.prac.Annotationsprac" name="BeforeMethod" time="0.003"/>
  <system-out/>
  <testcase classname="testNG.prac.Annotationsprac" name="AfterMethod" time="0.013"/>
  <system-out/>
  <testcase classname="testNG.prac.Annotationsprac" name="BeforeTest" time="0.005"/>
  <system-out/>
  <testcase classname="testNG.prac.Annotationsprac" name="BeforeClass" time="0.002"/>
  <system-out/>
  <testcase classname="testNG.prac.Annotationsprac" name="Beforesuit" time="0.005"/>
  <system-out/>
  <testcase classname="testNG.prac.Annotationsprac" name="AfterrClass" time="0.007"/>
  <system-out/>
  <testcase classname="testNG.prac.Annotationsprac" name="AfterSuit" time="0.003"/>
  <system-out/>
  <testcase classname="testNG.prac.Annotationsprac" name="AfterTest" time="0.004"/>
  <system-out/>
</testsuite> <!-- testNG.prac.Annotationsprac -->
