<?xml version="1.0" encoding="UTF-8"?>
<!-- Generated by org.testng.reporters.JUnitReportReporter -->
<testsuite hostname="DESKTOP-50PIISQ" failures="0" tests="1" name="jdbcpracticetest.ReadDateFromJdbctest" time="0.761" errors="0" timestamp="2022-09-16T16:07:16 IST" skipped="0">
  <testcase classname="jdbcpracticetest.ReadDateFromJdbctest" name="readDataTest" time="0.761"/>
  <system-out/>
</testsuite> <!-- jdbcpracticetest.ReadDateFromJdbctest -->
