<?xml version="1.0" encoding="UTF-8"?>
<!-- Generated by org.testng.reporters.JUnitReportReporter -->
<testsuite hostname="DESKTOP-50PIISQ" failures="0" tests="2" name="testNG.prac.sample" time="0.016" errors="0" timestamp="2022-10-17T07:20:29 IST" skipped="0">
  <testcase classname="testNG.prac.sample" name="A97" time="0.014"/>
  <system-out/>
  <testcase classname="testNG.prac.sample" name="a65" time="0.002"/>
  <system-out/>
</testsuite> <!-- testNG.prac.sample -->
