<?xml version="1.0" encoding="UTF-8"?>
<!-- Generated by org.testng.reporters.JUnitReportReporter -->
<testsuite hostname="DESKTOP-50PIISQ" failures="0" tests="1" name="testNG.prac.ParaMeterPassing" time="6.381" errors="0" timestamp="2022-10-17T10:55:55 IST" skipped="0">
  <testcase classname="testNG.prac.ParaMeterPassing" name="launchbrowser" time="6.381"/>
  <system-out/>
</testsuite> <!-- testNG.prac.ParaMeterPassing -->
