<?xml version="1.0" encoding="UTF-8"?>
<!-- Generated by org.testng.reporters.JUnitReportReporter -->
<testsuite hostname="DESKTOP-50PIISQ" failures="0" tests="4" name="testNG.prac.DataProviderUsingExcel" time="0.028" errors="0" timestamp="2022-10-14T14:58:44 IST" skipped="0">
  <testcase classname="testNG.prac.DataProviderUsingExcel" name="getdata" time="0.005"/>
  <system-out/>
  <testcase classname="testNG.prac.DataProviderUsingExcel" name="getdata" time="0.014"/>
  <system-out/>
  <testcase classname="testNG.prac.DataProviderUsingExcel" name="getdata" time="0.002"/>
  <system-out/>
  <testcase classname="testNG.prac.DataProviderUsingExcel" name="getdata" time="0.007"/>
  <system-out/>
</testsuite> <!-- testNG.prac.DataProviderUsingExcel -->
