<?xml version="1.0" encoding="UTF-8"?>
<!-- Generated by org.testng.reporters.JUnitReportReporter -->
<testsuite hostname="DESKTOP-50PIISQ" failures="0" tests="1" name="ddt.practice.ReadDataFromCmdTest" time="0.015" errors="0" timestamp="2022-09-15T17:21:22 IST" skipped="0">
  <testcase classname="ddt.practice.ReadDataFromCmdTest" name="readDataTest" time="0.015"/>
  <system-out/>
</testsuite> <!-- ddt.practice.ReadDataFromCmdTest -->
