<?xml version="1.0" encoding="UTF-8"?>
<!-- Generated by org.testng.reporters.JUnitReportReporter -->
<testsuite hostname="DESKTOP-50PIISQ" failures="0" tests="2" name="com.crm.vitiger3.testcases.Orgnamevalidation" time="81.616" errors="0" timestamp="2022-10-21T10:18:54 IST" skipped="0">
  <testcase classname="com.crm.vitiger3.testcases.Orgnamevalidation" name="orgnameTestNG" time="25.975"/>
  <system-out/>
  <testcase classname="com.crm.vitiger3.testcases.Orgnamevalidation" name="orgnameTestNG" time="55.641"/>
  <system-out/>
</testsuite> <!-- com.crm.vitiger3.testcases.Orgnamevalidation -->
