<?xml version="1.0" encoding="UTF-8"?>
<!-- Generated by org.testng.reporters.JUnitReportReporter -->
<testsuite hostname="DESKTOP-50PIISQ" failures="0" tests="1" name="com.crm.vitiger3.testcases.Orgnamevalidation" time="18.673" errors="0" timestamp="2022-11-01T17:34:36 IST" skipped="0">
  <testcase classname="com.crm.vitiger3.testcases.Orgnamevalidation" name="orgnameTestNG" time="18.673"/>
  <system-out/>
</testsuite> <!-- com.crm.vitiger3.testcases.Orgnamevalidation -->
