<?xml version="1.0" encoding="UTF-8"?>
<!-- Generated by org.testng.reporters.JUnitReportReporter -->
<testsuite hostname="DESKTOP-50PIISQ" failures="0" tests="1" name="jdbcpracticetest.TryGarbbageTest" time="0.528" errors="0" timestamp="2022-09-16T17:19:39 IST" skipped="0">
  <testcase classname="jdbcpracticetest.TryGarbbageTest" name="readData" time="0.528"/>
  <system-out/>
</testsuite> <!-- jdbcpracticetest.TryGarbbageTest -->
